<?xml version="1.0" encoding="UTF-8"?>
<testng-results skipped="0" failed="0" ignored="0" total="1" passed="1">
  <reporter-output>
  </reporter-output>
  <suite name="Default suite" duration-ms="33394" started-at="2020-07-16T06:08:01Z" finished-at="2020-07-16T06:08:35Z">
    <groups>
    </groups>
    <test name="Default test" duration-ms="33394" started-at="2020-07-16T06:08:01Z" finished-at="2020-07-16T06:08:35Z">
      <class name="Testscripts.Test1">
        <test-method status="PASS" signature="openappl()[pri:0, instance:Testscripts.Test1@5b275dab]" name="openappl" is-config="true" duration-ms="25780" started-at="2020-07-16T06:08:02Z" finished-at="2020-07-16T06:08:27Z">
          <reporter-output>
          </reporter-output>
        </test-method> <!-- openappl -->
        <test-method status="PASS" signature="test_login()[pri:0, instance:Testscripts.Test1@5b275dab]" name="test_login" duration-ms="1149" started-at="2020-07-16T06:08:27Z" finished-at="2020-07-16T06:08:28Z">
          <reporter-output>
          </reporter-output>
        </test-method> <!-- test_login -->
        <test-method status="PASS" signature="closeappln()[pri:0, instance:Testscripts.Test1@5b275dab]" name="closeappln" is-config="true" duration-ms="6383" started-at="2020-07-16T06:08:28Z" finished-at="2020-07-16T06:08:35Z">
          <reporter-output>
          </reporter-output>
        </test-method> <!-- closeappln -->
      </class> <!-- Testscripts.Test1 -->
    </test> <!-- Default test -->
  </suite> <!-- Default suite -->
</testng-results>
